Using pre-set license
Built from '2022.3/staging' branch; Version is '2022.3.16f1 (d2c21f0ef2f1) revision 13812255'; Using compiler version '192829333'; Build Type 'Release'
OS: 'Windows 10  (10.0.19045) 64bit Education' Language: 'ko' Physical Memory: 32681 MB
BatchMode: 1, IsHumanControllingUs: 0, StartBugReporterOnCrash: 0, Is64bit: 1, IsPro: 1

COMMAND LINE ARGUMENTS:
C:\Program Files\Unity\Hub\Editor\2022.3.16f1\Editor\Unity.exe
-adb2
-batchMode
-noUpm
-name
AssetImportWorker0
-projectPath
C:/Users/Administrator/Desktop/Unity/Lecture
-logFile
Logs/AssetImportWorker0.log
-srvPort
62616
Successfully changed project path to: C:/Users/Administrator/Desktop/Unity/Lecture
C:/Users/Administrator/Desktop/Unity/Lecture
[UnityMemory] Configuration Parameters - Can be set up in boot.config
    "memorysetup-bucket-allocator-granularity=16"
    "memorysetup-bucket-allocator-bucket-count=8"
    "memorysetup-bucket-allocator-block-size=33554432"
    "memorysetup-bucket-allocator-block-count=8"
    "memorysetup-main-allocator-block-size=16777216"
    "memorysetup-thread-allocator-block-size=16777216"
    "memorysetup-gfx-main-allocator-block-size=16777216"
    "memorysetup-gfx-thread-allocator-block-size=16777216"
    "memorysetup-cache-allocator-block-size=4194304"
    "memorysetup-typetree-allocator-block-size=2097152"
    "memorysetup-profiler-bucket-allocator-granularity=16"
    "memorysetup-profiler-bucket-allocator-bucket-count=8"
    "memorysetup-profiler-bucket-allocator-block-size=33554432"
    "memorysetup-profiler-bucket-allocator-block-count=8"
    "memorysetup-profiler-allocator-block-size=16777216"
    "memorysetup-profiler-editor-allocator-block-size=1048576"
    "memorysetup-temp-allocator-size-main=16777216"
    "memorysetup-job-temp-allocator-block-size=2097152"
    "memorysetup-job-temp-allocator-block-size-background=1048576"
    "memorysetup-job-temp-allocator-reduction-small-platforms=262144"
    "memorysetup-allocator-temp-initial-block-size-main=262144"
    "memorysetup-allocator-temp-initial-block-size-worker=262144"
    "memorysetup-temp-allocator-size-background-worker=32768"
    "memorysetup-temp-allocator-size-job-worker=262144"
    "memorysetup-temp-allocator-size-preload-manager=33554432"
    "memorysetup-temp-allocator-size-nav-mesh-worker=65536"
    "memorysetup-temp-allocator-size-audio-worker=65536"
    "memorysetup-temp-allocator-size-cloud-worker=32768"
    "memorysetup-temp-allocator-size-gi-baking-worker=262144"
    "memorysetup-temp-allocator-size-gfx=262144"
Player connection [8276] Host "[IP] 192.168.0.36 [Port] 0 [Flags] 2 [Guid] 4274074695 [EditorId] 4274074695 [Version] 1048832 [Id] WindowsEditor(7,DESKTOP-PKDF705) [Debug] 1 [PackageName] WindowsEditor [ProjectName] Editor" joined multi-casting on [225.0.0.222:54997]...

Player connection [8276] Host "[IP] 192.168.0.36 [Port] 0 [Flags] 2 [Guid] 4274074695 [EditorId] 4274074695 [Version] 1048832 [Id] WindowsEditor(7,DESKTOP-PKDF705) [Debug] 1 [PackageName] WindowsEditor [ProjectName] Editor" joined alternative multi-casting on [225.0.0.222:34997]...

[Physics::Module] Initialized MultithreadedJobDispatcher with 15 workers.
Refreshing native plugins compatible for Editor in 5.90 ms, found 3 plugins.
Preloading 0 native plugins for Editor in 0.00 ms.
Initialize engine version: 2022.3.16f1 (d2c21f0ef2f1)
[Subsystems] Discovering subsystems at path C:/Program Files/Unity/Hub/Editor/2022.3.16f1/Editor/Data/Resources/UnitySubsystems
[Subsystems] Discovering subsystems at path C:/Users/Administrator/Desktop/Unity/Lecture/Assets
GfxDevice: creating device client; threaded=0; jobified=0
Direct3D:
    Version:  Direct3D 11.0 [level 11.1]
    Renderer: NVIDIA GeForce RTX 3060 (ID=0x2504)
    Vendor:   NVIDIA
    VRAM:     12129 MB
    Driver:   31.0.15.3623
Initialize mono
Mono path[0] = 'C:/Program Files/Unity/Hub/Editor/2022.3.16f1/Editor/Data/Managed'
Mono path[1] = 'C:/Program Files/Unity/Hub/Editor/2022.3.16f1/Editor/Data/MonoBleedingEdge/lib/mono/unityjit-win32'
Mono config path = 'C:/Program Files/Unity/Hub/Editor/2022.3.16f1/Editor/Data/MonoBleedingEdge/etc'
Using monoOptions --debugger-agent=transport=dt_socket,embedding=1,server=y,suspend=n,address=127.0.0.1:56540
Begin MonoManager ReloadAssembly
Registering precompiled unity dll's ...
Register platform support module: C:/Program Files/Unity/Hub/Editor/2022.3.16f1/Editor/Data/PlaybackEngines/WebGLSupport/UnityEditor.WebGL.Extensions.dll
Register platform support module: C:/Program Files/Unity/Hub/Editor/2022.3.16f1/Editor/Data/PlaybackEngines/WindowsStandaloneSupport/UnityEditor.WindowsStandalone.Extensions.dll
Registered in 0.008213 seconds.
- Loaded All Assemblies, in  0.312 seconds
Native extension for WindowsStandalone target not found
Native extension for WebGL target not found
Mono: successfully reloaded assembly
- Finished resetting the current domain, in  0.235 seconds
Domain Reload Profiling: 545ms
	BeginReloadAssembly (91ms)
		ExecutionOrderSort (0ms)
		DisableScriptedObjects (0ms)
		BackupInstance (0ms)
		ReleaseScriptingObjects (0ms)
		CreateAndSetChildDomain (1ms)
	RebuildCommonClasses (30ms)
	RebuildNativeTypeToScriptingClass (10ms)
	initialDomainReloadingComplete (52ms)
	LoadAllAssembliesAndSetupDomain (127ms)
		LoadAssemblies (90ms)
		RebuildTransferFunctionScriptingTraits (0ms)
		AnalyzeDomain (126ms)
			TypeCache.Refresh (124ms)
				TypeCache.ScanAssembly (112ms)
			ScanForSourceGeneratedMonoScriptInfo (0ms)
			ResolveRequiredComponents (0ms)
	FinalizeReload (235ms)
		ReleaseScriptCaches (0ms)
		RebuildScriptCaches (0ms)
		SetupLoadedEditorAssemblies (185ms)
			LogAssemblyErrors (0ms)
			InitializePlatformSupportModulesInManaged (9ms)
			SetLoadedEditorAssemblies (5ms)
			RefreshPlugins (0ms)
			BeforeProcessingInitializeOnLoad (2ms)
			ProcessInitializeOnLoadAttributes (128ms)
			ProcessInitializeOnLoadMethodAttributes (41ms)
			AfterProcessingInitializeOnLoad (0ms)
			EditorAssembliesLoaded (0ms)
		ExecutionOrderSort2 (0ms)
		AwakeInstancesAfterBackupRestoration (0ms)
========================================================================
Worker process is ready to serve import requests
Begin MonoManager ReloadAssembly
- Loaded All Assemblies, in  0.522 seconds
Refreshing native plugins compatible for Editor in 2.61 ms, found 3 plugins.
Native extension for WindowsStandalone target not found
Native extension for WebGL target not found
Package Manager log level set to [2]
[Package Manager] Server::EnsureServerProcessIsRunning -- launch failed, reason: Unity was launched with the -noUpm command-line argument
[Package Manager] UpmClient::Send -- Unable to send message (not connected to UPM process).
[Package Manager] Cannot connect to Unity Package Manager local server
Mono: successfully reloaded assembly
- Finished resetting the current domain, in  0.476 seconds
Domain Reload Profiling: 996ms
	BeginReloadAssembly (126ms)
		ExecutionOrderSort (0ms)
		DisableScriptedObjects (5ms)
		BackupInstance (0ms)
		ReleaseScriptingObjects (0ms)
		CreateAndSetChildDomain (18ms)
	RebuildCommonClasses (31ms)
	RebuildNativeTypeToScriptingClass (10ms)
	initialDomainReloadingComplete (36ms)
	LoadAllAssembliesAndSetupDomain (317ms)
		LoadAssemblies (233ms)
		RebuildTransferFunctionScriptingTraits (0ms)
		AnalyzeDomain (156ms)
			TypeCache.Refresh (138ms)
				TypeCache.ScanAssembly (125ms)
			ScanForSourceGeneratedMonoScriptInfo (12ms)
			ResolveRequiredComponents (4ms)
	FinalizeReload (477ms)
		ReleaseScriptCaches (0ms)
		RebuildScriptCaches (0ms)
		SetupLoadedEditorAssemblies (350ms)
			LogAssemblyErrors (0ms)
			InitializePlatformSupportModulesInManaged (6ms)
			SetLoadedEditorAssemblies (3ms)
			RefreshPlugins (0ms)
			BeforeProcessingInitializeOnLoad (51ms)
			ProcessInitializeOnLoadAttributes (265ms)
			ProcessInitializeOnLoadMethodAttributes (18ms)
			AfterProcessingInitializeOnLoad (6ms)
			EditorAssembliesLoaded (0ms)
		ExecutionOrderSort2 (0ms)
		AwakeInstancesAfterBackupRestoration (6ms)
Launched and connected shader compiler UnityShaderCompiler.exe after 0.03 seconds
Refreshing native plugins compatible for Editor in 2.28 ms, found 3 plugins.
Preloading 0 native plugins for Editor in 0.00 ms.
Unloading 3089 Unused Serialized files (Serialized files now loaded: 0)
Unloading 31 unused Assets / (29.7 KB). Loaded Objects now: 3574.
Memory consumption went from 133.0 MB to 133.0 MB.
Total: 3.136100 ms (FindLiveObjects: 0.286200 ms CreateObjectMapping: 0.248600 ms MarkObjects: 2.543300 ms  DeleteObjects: 0.056800 ms)

AssetImportParameters requested are different than current active one (requested -> active):
  custom:container-demuxer-ogg: 62fdf1f143b41e24485cea50d1cbac27 -> 
  custom:video-decoder-ogg-theora: a1e56fd34408186e4bbccfd4996cb3dc -> 
  custom:framework-win-MediaFoundation: 216162199b28c13a410421893ffa2e32 -> 
  custom:CustomObjectIndexerAttribute: 43b350a4d6e6d1791af0b5038c4bea17 -> 
  custom:container-demuxer-webm: 4f35f7cbe854078d1ac9338744f61a02 -> 
  custom:container-muxer-webm: aa71ff27fc2769a1b78a27578f13a17b -> 
  custom:video-decoder-webm-vp8: 9c59270c3fd7afecdb556c50c9e8de78 -> 
  custom:SearchIndexIgnoredProperties: e643bd26f0fe6173181afceb89e7c659 -> 
  custom:AudioImporter_EditorPlatform: d09bf68614088b80899f8185d706f6e7 -> 
  custom:video-encoder-webm-vp8: eb34c28f22e8b96e1ab97ce403110664 -> 
  custom:audio-decoder-ogg-vorbis: bf7c407c2cedff20999df2af8eb42d56 -> 
  custom:audio-encoder-webm-vorbis: bf7c407c2cedff20999df2af8eb42d56 -> 
========================================================================
Received Import Request.
  Time since last request: 709893.878533 seconds.
  path: Assets/Eighth Class/Scenes
  artifactKey: Guid(cf45c63bb56bf17468408d9ae106b8f2) Importer(815301076,1909f56bfc062723c751e8b465ee728b)
Start importing Assets/Eighth Class/Scenes using Guid(cf45c63bb56bf17468408d9ae106b8f2) Importer(815301076,1909f56bfc062723c751e8b465ee728b)  -> (artifact id: '036361fe953fc3f66e8cc611fbbc8714') in 0.002117 seconds
Number of updated asset objects reloaded before import = 0
Number of asset objects unloaded after import = 0
========================================================================
Received Import Request.
  Time since last request: 10.558980 seconds.
  path: Assets/Eighth Class/Scenes/Eighth Scene.unity
  artifactKey: Guid(0ae6283c108f74c4c9012c4c17a9a907) Importer(815301076,1909f56bfc062723c751e8b465ee728b)
Start importing Assets/Eighth Class/Scenes/Eighth Scene.unity using Guid(0ae6283c108f74c4c9012c4c17a9a907) Importer(815301076,1909f56bfc062723c751e8b465ee728b)  -> (artifact id: '7e2b0c61d6516a4f5697c3be06207740') in 0.000378 seconds
Number of updated asset objects reloaded before import = 0
Number of asset objects unloaded after import = 0
========================================================================
Received Import Request.
  Time since last request: 126.328970 seconds.
  path: Assets/Eighth Class/Sound
  artifactKey: Guid(35008ee06dcc26047b087c20d5b5b732) Importer(815301076,1909f56bfc062723c751e8b465ee728b)
Start importing Assets/Eighth Class/Sound using Guid(35008ee06dcc26047b087c20d5b5b732) Importer(815301076,1909f56bfc062723c751e8b465ee728b)  -> (artifact id: '4049bfbb7d30d5948225e360e36a8b64') in 0.000377 seconds
Number of updated asset objects reloaded before import = 0
Number of asset objects unloaded after import = 0
========================================================================
Received Import Request.
  Time since last request: 224.169675 seconds.
  path: Assets/Eighth Class/Sound/SOUNDS4U
  artifactKey: Guid(a153ea0af18f7054c8287edc7cf0aaaa) Importer(815301076,1909f56bfc062723c751e8b465ee728b)
Start importing Assets/Eighth Class/Sound/SOUNDS4U using Guid(a153ea0af18f7054c8287edc7cf0aaaa) Importer(815301076,1909f56bfc062723c751e8b465ee728b)  -> (artifact id: '69d435813b14d3d7f100e51254f4f719') in 0.000563 seconds
Number of updated asset objects reloaded before import = 0
Number of asset objects unloaded after import = 0
========================================================================
Received Import Request.
  Time since last request: 1.071151 seconds.
  path: Assets/Eighth Class/Sound/SOUNDS4U/UI
  artifactKey: Guid(7e79baa081c19a54d999ab60bf0aa868) Importer(815301076,1909f56bfc062723c751e8b465ee728b)
Start importing Assets/Eighth Class/Sound/SOUNDS4U/UI using Guid(7e79baa081c19a54d999ab60bf0aa868) Importer(815301076,1909f56bfc062723c751e8b465ee728b)  -> (artifact id: '8971d2f5c30ba2749059d26536967d67') in 0.000351 seconds
Number of updated asset objects reloaded before import = 0
Number of asset objects unloaded after import = 0
========================================================================
Received Import Request.
  Time since last request: 0.604429 seconds.
  path: Assets/Eighth Class/Sound/SOUNDS4U/UI/1.wav
  artifactKey: Guid(0d6b319fdfd26764c8aebbd9b77fdbe4) Importer(815301076,1909f56bfc062723c751e8b465ee728b)
Start importing Assets/Eighth Class/Sound/SOUNDS4U/UI/1.wav using Guid(0d6b319fdfd26764c8aebbd9b77fdbe4) Importer(815301076,1909f56bfc062723c751e8b465ee728b)  -> (artifact id: 'a23c20bd548326d2e52621dca61f6f7a') in 0.104733 seconds
Number of updated asset objects reloaded before import = 0
Number of asset objects unloaded after import = 2
========================================================================
Received Import Request.
  Time since last request: 0.000027 seconds.
  path: Assets/Eighth Class/Sound/SOUNDS4U/UI/50.wav
  artifactKey: Guid(047280d175c149941b2e898c3caee1c9) Importer(815301076,1909f56bfc062723c751e8b465ee728b)
Start importing Assets/Eighth Class/Sound/SOUNDS4U/UI/50.wav using Guid(047280d175c149941b2e898c3caee1c9) Importer(815301076,1909f56bfc062723c751e8b465ee728b)  -> (artifact id: 'd658b990d4f67f670168e7b3d9fcfabc') in 0.013316 seconds
Number of updated asset objects reloaded before import = 0
Number of asset objects unloaded after import = 2
========================================================================
Received Import Request.
  Time since last request: 0.000025 seconds.
  path: Assets/Eighth Class/Sound/SOUNDS4U/UI/18.wav
  artifactKey: Guid(2e3c06aaf9f1f4d439a72bc2d000d4f2) Importer(815301076,1909f56bfc062723c751e8b465ee728b)
Start importing Assets/Eighth Class/Sound/SOUNDS4U/UI/18.wav using Guid(2e3c06aaf9f1f4d439a72bc2d000d4f2) Importer(815301076,1909f56bfc062723c751e8b465ee728b)  -> (artifact id: '3ea84f2caa1193a3530f5f2f2097ef1f') in 0.030981 seconds
Number of updated asset objects reloaded before import = 0
Number of asset objects unloaded after import = 2
========================================================================
Received Import Request.
  Time since last request: 0.000015 seconds.
  path: Assets/Eighth Class/Sound/SOUNDS4U/UI/38.wav
  artifactKey: Guid(11f68537ee937e3409e2b2174d3bf88a) Importer(815301076,1909f56bfc062723c751e8b465ee728b)
Start importing Assets/Eighth Class/Sound/SOUNDS4U/UI/38.wav using Guid(11f68537ee937e3409e2b2174d3bf88a) Importer(815301076,1909f56bfc062723c751e8b465ee728b)  -> (artifact id: '3c6670c789ad52e10c5b6b62f4afc027') in 0.020185 seconds
Number of updated asset objects reloaded before import = 0
Number of asset objects unloaded after import = 2
========================================================================
Received Import Request.
  Time since last request: 0.000014 seconds.
  path: Assets/Eighth Class/Sound/SOUNDS4U/UI/19.wav
  artifactKey: Guid(6ed9132503b3e1043a3843990e5fa796) Importer(815301076,1909f56bfc062723c751e8b465ee728b)
Start importing Assets/Eighth Class/Sound/SOUNDS4U/UI/19.wav using Guid(6ed9132503b3e1043a3843990e5fa796) Importer(815301076,1909f56bfc062723c751e8b465ee728b)  -> (artifact id: '188df04dc8bbd5c4ff189447e25b7fa6') in 0.011694 seconds
Number of updated asset objects reloaded before import = 0
Number of asset objects unloaded after import = 2
========================================================================
Received Import Request.
  Time since last request: 0.000015 seconds.
  path: Assets/Eighth Class/Sound/SOUNDS4U/UI/27.wav
  artifactKey: Guid(72daea89530e3404aa743dbb4c3ca5ef) Importer(815301076,1909f56bfc062723c751e8b465ee728b)
Start importing Assets/Eighth Class/Sound/SOUNDS4U/UI/27.wav using Guid(72daea89530e3404aa743dbb4c3ca5ef) Importer(815301076,1909f56bfc062723c751e8b465ee728b)  -> (artifact id: '3a6d0403bbf64a524e79e8e3b38de0fe') in 0.011931 seconds
Number of updated asset objects reloaded before import = 0
Number of asset objects unloaded after import = 2
========================================================================
Received Import Request.
  Time since last request: 0.000015 seconds.
  path: Assets/Eighth Class/Sound/SOUNDS4U/UI/48.wav
  artifactKey: Guid(63dfc9ba89db94149ab6304ffdb91118) Importer(815301076,1909f56bfc062723c751e8b465ee728b)
Start importing Assets/Eighth Class/Sound/SOUNDS4U/UI/48.wav using Guid(63dfc9ba89db94149ab6304ffdb91118) Importer(815301076,1909f56bfc062723c751e8b465ee728b)  -> (artifact id: 'f009ab4afb86712d43cc2f7f107883d5') in 0.024180 seconds
Number of updated asset objects reloaded before import = 0
Number of asset objects unloaded after import = 2
========================================================================
Received Import Request.
  Time since last request: 0.000016 seconds.
  path: Assets/Eighth Class/Sound/SOUNDS4U/UI/47.wav
  artifactKey: Guid(e5884e52fd1cbea4c9abda403fd0cf77) Importer(815301076,1909f56bfc062723c751e8b465ee728b)
Start importing Assets/Eighth Class/Sound/SOUNDS4U/UI/47.wav using Guid(e5884e52fd1cbea4c9abda403fd0cf77) Importer(815301076,1909f56bfc062723c751e8b465ee728b)  -> (artifact id: '79da5c2bba482e838f4e98effe3c69d3') in 0.011809 seconds
Number of updated asset objects reloaded before import = 0
Number of asset objects unloaded after import = 2
========================================================================
Received Import Request.
  Time since last request: 0.000015 seconds.
  path: Assets/Eighth Class/Sound/SOUNDS4U/UI/40.wav
  artifactKey: Guid(22def2a41a687804387f576bbe17b044) Importer(815301076,1909f56bfc062723c751e8b465ee728b)
Start importing Assets/Eighth Class/Sound/SOUNDS4U/UI/40.wav using Guid(22def2a41a687804387f576bbe17b044) Importer(815301076,1909f56bfc062723c751e8b465ee728b)  -> (artifact id: 'fcc9cc099857e772a8083429b495506f') in 0.013493 seconds
Number of updated asset objects reloaded before import = 0
Number of asset objects unloaded after import = 2
========================================================================
Received Import Request.
  Time since last request: 0.000023 seconds.
  path: Assets/Eighth Class/Sound/SOUNDS4U/UI/39.wav
  artifactKey: Guid(d65727eec8a5d4e419609f28db762464) Importer(815301076,1909f56bfc062723c751e8b465ee728b)
Start importing Assets/Eighth Class/Sound/SOUNDS4U/UI/39.wav using Guid(d65727eec8a5d4e419609f28db762464) Importer(815301076,1909f56bfc062723c751e8b465ee728b)  -> (artifact id: '218bd36c180c9a4b7e5c460ffbb6ee1a') in 0.012145 seconds
Number of updated asset objects reloaded before import = 0
Number of asset objects unloaded after import = 2
========================================================================
Received Import Request.
  Time since last request: 0.000020 seconds.
  path: Assets/Eighth Class/Sound/SOUNDS4U/UI/23.wav
  artifactKey: Guid(eaf549bbbaa020f41ad1059c9628be46) Importer(815301076,1909f56bfc062723c751e8b465ee728b)
Start importing Assets/Eighth Class/Sound/SOUNDS4U/UI/23.wav using Guid(eaf549bbbaa020f41ad1059c9628be46) Importer(815301076,1909f56bfc062723c751e8b465ee728b)  -> (artifact id: 'ce499336349588fa26392ae7af48749e') in 0.023848 seconds
Number of updated asset objects reloaded before import = 0
Number of asset objects unloaded after import = 2
========================================================================
Received Import Request.
  Time since last request: 0.000016 seconds.
  path: Assets/Eighth Class/Sound/SOUNDS4U/UI/31.wav
  artifactKey: Guid(be2840cf7e4c00748853fedece5ff83c) Importer(815301076,1909f56bfc062723c751e8b465ee728b)
Start importing Assets/Eighth Class/Sound/SOUNDS4U/UI/31.wav using Guid(be2840cf7e4c00748853fedece5ff83c) Importer(815301076,1909f56bfc062723c751e8b465ee728b)  -> (artifact id: 'c935cf31688e16b33ed7a4dc0a341df0') in 0.029005 seconds
Number of updated asset objects reloaded before import = 0
Number of asset objects unloaded after import = 2
========================================================================
Received Import Request.
  Time since last request: 0.000015 seconds.
  path: Assets/Eighth Class/Sound/SOUNDS4U/UI/10.wav
  artifactKey: Guid(db6aeef7916adc549bfae51fa6c3846f) Importer(815301076,1909f56bfc062723c751e8b465ee728b)
Start importing Assets/Eighth Class/Sound/SOUNDS4U/UI/10.wav using Guid(db6aeef7916adc549bfae51fa6c3846f) Importer(815301076,1909f56bfc062723c751e8b465ee728b)  -> (artifact id: '9048ef786176329b89f021c65e851fab') in 0.025459 seconds
Number of updated asset objects reloaded before import = 0
Number of asset objects unloaded after import = 2
========================================================================
Received Import Request.
  Time since last request: 0.000018 seconds.
  path: Assets/Eighth Class/Sound/SOUNDS4U/UI/25.wav
  artifactKey: Guid(c72855189c7b0da4089618d849e3a6ba) Importer(815301076,1909f56bfc062723c751e8b465ee728b)
Start importing Assets/Eighth Class/Sound/SOUNDS4U/UI/25.wav using Guid(c72855189c7b0da4089618d849e3a6ba) Importer(815301076,1909f56bfc062723c751e8b465ee728b)  -> (artifact id: 'a919e7c96e4b9d4ae5f46262ec79fe7f') in 0.011840 seconds
Number of updated asset objects reloaded before import = 0
Number of asset objects unloaded after import = 2
========================================================================
Received Import Request.
  Time since last request: 0.000030 seconds.
  path: Assets/Eighth Class/Sound/SOUNDS4U/UI/16.wav
  artifactKey: Guid(ce9ab71ae50e88945b8501047aa1e79f) Importer(815301076,1909f56bfc062723c751e8b465ee728b)
Start importing Assets/Eighth Class/Sound/SOUNDS4U/UI/16.wav using Guid(ce9ab71ae50e88945b8501047aa1e79f) Importer(815301076,1909f56bfc062723c751e8b465ee728b)  -> (artifact id: '31b33c20003f24d14d049c8e444ebaf1') in 0.014735 seconds
Number of updated asset objects reloaded before import = 0
Number of asset objects unloaded after import = 2
========================================================================
Received Import Request.
  Time since last request: 0.000017 seconds.
  path: Assets/Eighth Class/Sound/SOUNDS4U/UI/26.wav
  artifactKey: Guid(6fc2ad7760bce064e962f87f9b8f22c7) Importer(815301076,1909f56bfc062723c751e8b465ee728b)
Start importing Assets/Eighth Class/Sound/SOUNDS4U/UI/26.wav using Guid(6fc2ad7760bce064e962f87f9b8f22c7) Importer(815301076,1909f56bfc062723c751e8b465ee728b)  -> (artifact id: 'f720b9cee3b668e229395e2f18803c55') in 0.014838 seconds
Number of updated asset objects reloaded before import = 0
Number of asset objects unloaded after import = 2
========================================================================
Received Import Request.
  Time since last request: 0.000018 seconds.
  path: Assets/Eighth Class/Sound/SOUNDS4U/UI/35.wav
  artifactKey: Guid(098378a29aeaaa74e9f20482179a9979) Importer(815301076,1909f56bfc062723c751e8b465ee728b)
Start importing Assets/Eighth Class/Sound/SOUNDS4U/UI/35.wav using Guid(098378a29aeaaa74e9f20482179a9979) Importer(815301076,1909f56bfc062723c751e8b465ee728b)  -> (artifact id: '52a2586c1b03f5ec60d8a4d9a10f0d2d') in 0.014417 seconds
Number of updated asset objects reloaded before import = 0
Number of asset objects unloaded after import = 2
========================================================================
Received Import Request.
  Time since last request: 0.000021 seconds.
  path: Assets/Eighth Class/Sound/SOUNDS4U/UI/44.wav
  artifactKey: Guid(6c01b6670a80df1498c7536383952880) Importer(815301076,1909f56bfc062723c751e8b465ee728b)
Start importing Assets/Eighth Class/Sound/SOUNDS4U/UI/44.wav using Guid(6c01b6670a80df1498c7536383952880) Importer(815301076,1909f56bfc062723c751e8b465ee728b)  -> (artifact id: '320d5077700ae2d88c20dbb96fa757dc') in 0.014803 seconds
Number of updated asset objects reloaded before import = 0
Number of asset objects unloaded after import = 2
========================================================================
Received Import Request.
  Time since last request: 0.000016 seconds.
  path: Assets/Eighth Class/Sound/SOUNDS4U/UI/49.wav
  artifactKey: Guid(90e3b76a4d3b0e34d975db519b90db98) Importer(815301076,1909f56bfc062723c751e8b465ee728b)
Start importing Assets/Eighth Class/Sound/SOUNDS4U/UI/49.wav using Guid(90e3b76a4d3b0e34d975db519b90db98) Importer(815301076,1909f56bfc062723c751e8b465ee728b)  -> (artifact id: '19f1fd1873e9f3d0909a0f47458cf8a7') in 0.007038 seconds
Number of updated asset objects reloaded before import = 0
Number of asset objects unloaded after import = 2
========================================================================
Received Import Request.
  Time since last request: 0.000015 seconds.
  path: Assets/Eighth Class/Sound/SOUNDS4U/UI/43.wav
  artifactKey: Guid(4bf53d01e6219014aa5f1b57c61185f4) Importer(815301076,1909f56bfc062723c751e8b465ee728b)
Start importing Assets/Eighth Class/Sound/SOUNDS4U/UI/43.wav using Guid(4bf53d01e6219014aa5f1b57c61185f4) Importer(815301076,1909f56bfc062723c751e8b465ee728b)  -> (artifact id: '24354fcdf5db8b39f66630ff5548bad0') in 0.011686 seconds
Number of updated asset objects reloaded before import = 0
Number of asset objects unloaded after import = 2
========================================================================
Received Import Request.
  Time since last request: 0.000023 seconds.
  path: Assets/Eighth Class/Sound/SOUNDS4U/UI/4.wav
  artifactKey: Guid(97fb5125e29ba9e40b9b7a6dfe71a02d) Importer(815301076,1909f56bfc062723c751e8b465ee728b)
Start importing Assets/Eighth Class/Sound/SOUNDS4U/UI/4.wav using Guid(97fb5125e29ba9e40b9b7a6dfe71a02d) Importer(815301076,1909f56bfc062723c751e8b465ee728b)  -> (artifact id: '1c90c0ef0979577acfc62caf54795322') in 0.033400 seconds
Number of updated asset objects reloaded before import = 0
Number of asset objects unloaded after import = 2
========================================================================
Received Import Request.
  Time since last request: 0.000016 seconds.
  path: Assets/Eighth Class/Sound/SOUNDS4U/UI/3.wav
  artifactKey: Guid(4f9654821a7bdeb479e9ac5b73a82ec6) Importer(815301076,1909f56bfc062723c751e8b465ee728b)
Start importing Assets/Eighth Class/Sound/SOUNDS4U/UI/3.wav using Guid(4f9654821a7bdeb479e9ac5b73a82ec6) Importer(815301076,1909f56bfc062723c751e8b465ee728b)  -> (artifact id: 'cbe63cb0caf648a65b06b449f45868dc') in 0.012463 seconds
Number of updated asset objects reloaded before import = 0
Number of asset objects unloaded after import = 2
========================================================================
Received Import Request.
  Time since last request: 0.000016 seconds.
  path: Assets/Eighth Class/Sound/SOUNDS4U/UI/14.wav
  artifactKey: Guid(ddb5da74e65e7b148876a6c22b0756d2) Importer(815301076,1909f56bfc062723c751e8b465ee728b)
Start importing Assets/Eighth Class/Sound/SOUNDS4U/UI/14.wav using Guid(ddb5da74e65e7b148876a6c22b0756d2) Importer(815301076,1909f56bfc062723c751e8b465ee728b)  -> (artifact id: 'cd4366b24800be29bb9cfcbb07bd275f') in 0.023279 seconds
Number of updated asset objects reloaded before import = 0
Number of asset objects unloaded after import = 2
========================================================================
Received Import Request.
  Time since last request: 0.000013 seconds.
  path: Assets/Eighth Class/Sound/SOUNDS4U/UI/46.wav
  artifactKey: Guid(495f5e3fa5d659a43a434597535efc23) Importer(815301076,1909f56bfc062723c751e8b465ee728b)
Start importing Assets/Eighth Class/Sound/SOUNDS4U/UI/46.wav using Guid(495f5e3fa5d659a43a434597535efc23) Importer(815301076,1909f56bfc062723c751e8b465ee728b)  -> (artifact id: '60e8fbe7053536479b08410f9150ccd9') in 0.014952 seconds
Number of updated asset objects reloaded before import = 0
Number of asset objects unloaded after import = 2
========================================================================
Received Import Request.
  Time since last request: 0.000016 seconds.
  path: Assets/Eighth Class/Sound/SOUNDS4U/UI/7.wav
  artifactKey: Guid(7008a27d14da6eb418b4e7b3391ca42d) Importer(815301076,1909f56bfc062723c751e8b465ee728b)
Start importing Assets/Eighth Class/Sound/SOUNDS4U/UI/7.wav using Guid(7008a27d14da6eb418b4e7b3391ca42d) Importer(815301076,1909f56bfc062723c751e8b465ee728b)  -> (artifact id: '6255db3abf9c1c4e04db21554abdfff3') in 0.011164 seconds
Number of updated asset objects reloaded before import = 0
Number of asset objects unloaded after import = 2
========================================================================
Received Import Request.
  Time since last request: 0.000016 seconds.
  path: Assets/Eighth Class/Sound/SOUNDS4U/UI/17.wav
  artifactKey: Guid(b519a8150832bd24aad88ff6529828e3) Importer(815301076,1909f56bfc062723c751e8b465ee728b)
Start importing Assets/Eighth Class/Sound/SOUNDS4U/UI/17.wav using Guid(b519a8150832bd24aad88ff6529828e3) Importer(815301076,1909f56bfc062723c751e8b465ee728b)  -> (artifact id: '0b4a69b259769893541891b2142ae26f') in 0.020765 seconds
Number of updated asset objects reloaded before import = 0
Number of asset objects unloaded after import = 2
========================================================================
Received Import Request.
  Time since last request: 0.000018 seconds.
  path: Assets/Eighth Class/Sound/SOUNDS4U/UI/32.wav
  artifactKey: Guid(1e00058e369dc2e42820c8d793075cc9) Importer(815301076,1909f56bfc062723c751e8b465ee728b)
Start importing Assets/Eighth Class/Sound/SOUNDS4U/UI/32.wav using Guid(1e00058e369dc2e42820c8d793075cc9) Importer(815301076,1909f56bfc062723c751e8b465ee728b)  -> (artifact id: '84fd4f59df8f210fe721286bd7aedbb1') in 0.013497 seconds
Number of updated asset objects reloaded before import = 0
Number of asset objects unloaded after import = 2
Editor requested this worker to shutdown with reason: Scaling down because of idle timeout
TcpMessagingSession - receive error: operation aborted. errorcode: 995, details: 스레드 종료 또는 응용 프로그램 요청 때문에 I/O 작업이 취소되었습니다.
AssetImportWorker is now disconnected from the server
Process exiting
Exiting without the bug reporter. Application will terminate with return code 0